platforms/android/build/outputs/logs/manifest-merger-debug-report.txt
-- Merging decision tree log ---
manifest
ADDED from platforms/android/AndroidManifest.xml:2:1-15:12
	package
		ADDED from platforms/android/AndroidManifest.xml:2:98-124
		INJECTED from platforms/android/AndroidManifest.xml
		INJECTED from platforms/android/AndroidManifest.xml
	android:versionName
		ADDED from platforms/android/AndroidManifest.xml:2:70-97
		INJECTED from platforms/android/AndroidManifest.xml
		INJECTED from platforms/android/AndroidManifest.xml
	android:hardwareAccelerated
		ADDED from platforms/android/AndroidManifest.xml:2:11-45
	android:versionCode
		ADDED from platforms/android/AndroidManifest.xml:2:46-69
		INJECTED from platforms/android/AndroidManifest.xml
		INJECTED from platforms/android/AndroidManifest.xml
	xmlns:android
		ADDED from platforms/android/AndroidManifest.xml:2:125-183
supports-screens
ADDED from platforms/android/AndroidManifest.xml:3:5-191
	android:largeScreens
		ADDED from platforms/android/AndroidManifest.xml:3:49-76
	android:smallScreens
		ADDED from platforms/android/AndroidManifest.xml:3:132-159
	android:normalScreens
		ADDED from platforms/android/AndroidManifest.xml:3:77-105
	android:xlargeScreens
		ADDED from platforms/android/AndroidManifest.xml:3:160-188
	android:resizeable
		ADDED from platforms/android/AndroidManifest.xml:3:106-131
	android:anyDensity
		ADDED from platforms/android/AndroidManifest.xml:3:23-48
uses-permission#android.permission.INTERNET
ADDED from platforms/android/AndroidManifest.xml:4:5-67
	android:name
		ADDED from platforms/android/AndroidManifest.xml:4:22-64
application
ADDED from platforms/android/AndroidManifest.xml:5:5-13:19
MERGED from [com.android.support:cardview-v7:26.0.2] AndroidManifest.xml:22:5-26:19
MERGED from [com.android.support:design:26.0.2] AndroidManifest.xml:25:5-29:19
MERGED from [com.android.support:appcompat-v7:26.0.2] AndroidManifest.xml:25:5-29:19
MERGED from [com.android.support:animated-vector-drawable:26.0.2] AndroidManifest.xml:22:5-26:19
MERGED from [com.android.support:support-vector-drawable:26.0.2] AndroidManifest.xml:22:5-26:19
MERGED from [com.android.support:recyclerview-v7:26.0.2] AndroidManifest.xml:22:5-26:19
MERGED from [com.android.support:transition:26.0.2] AndroidManifest.xml:22:5-26:19
MERGED from [com.android.support:support-v4:26.0.2] AndroidManifest.xml:25:5-29:19
MERGED from [com.android.support:support-media-compat:26.0.2] AndroidManifest.xml:25:5-29:19
MERGED from [com.android.support:support-fragment:26.0.2] AndroidManifest.xml:25:5-29:19
MERGED from [com.android.support:support-core-ui:26.0.2] AndroidManifest.xml:25:5-29:19
MERGED from [com.android.support:support-core-utils:26.0.2] AndroidManifest.xml:25:5-29:19
MERGED from [com.android.support:support-compat:26.0.2] AndroidManifest.xml:25:5-29:19
MERGED from [com.pspdfkit:pspdfkit:4.8.1] AndroidManifest.xml:26:5-50:19
	android:label
		ADDED from platforms/android/AndroidManifest.xml:5:81-113
	android:supportsRtl
		ADDED from platforms/android/AndroidManifest.xml:5:114-140
	android:hardwareAccelerated
		ADDED from platforms/android/AndroidManifest.xml:5:18-52
	android:icon
		ADDED from platforms/android/AndroidManifest.xml:5:53-80
	android:largeHeap
		ADDED from [com.pspdfkit:pspdfkit:4.8.1] AndroidManifest.xml:26:18-42
activity#io.ionic.starter.MainActivity
ADDED from platforms/android/AndroidManifest.xml:6:9-11:20
	android:label
		ADDED from platforms/android/AndroidManifest.xml:6:97-134
	android:launchMode
		ADDED from platforms/android/AndroidManifest.xml:6:135-165
	android:windowSoftInputMode
		ADDED from platforms/android/AndroidManifest.xml:6:257-299
	android:configChanges
		ADDED from platforms/android/AndroidManifest.xml:6:19-96
	android:theme
		ADDED from platforms/android/AndroidManifest.xml:6:194-256
	android:name
		ADDED from platforms/android/AndroidManifest.xml:6:166-193
intent-filter#android.intent.action.MAIN+android.intent.category.LAUNCHER
ADDED from platforms/android/AndroidManifest.xml:7:13-10:29
	android:label
		ADDED from platforms/android/AndroidManifest.xml:7:28-65
action#android.intent.action.MAIN
ADDED from platforms/android/AndroidManifest.xml:8:17-69
	android:name
		ADDED from platforms/android/AndroidManifest.xml:8:25-66
category#android.intent.category.LAUNCHER
ADDED from platforms/android/AndroidManifest.xml:9:17-77
	android:name
		ADDED from platforms/android/AndroidManifest.xml:9:27-74
meta-data#pspdfkit_license_key
ADDED from platforms/android/AndroidManifest.xml:12:9-523
	android:value
		ADDED from platforms/android/AndroidManifest.xml:12:56-520
	android:name
		ADDED from platforms/android/AndroidManifest.xml:12:20-55
uses-sdk
ADDED from platforms/android/AndroidManifest.xml:14:5-74
MERGED from [com.android.support:cardview-v7:26.0.2] AndroidManifest.xml:20:5-44
MERGED from [com.android.support:design:26.0.2] AndroidManifest.xml:21:5-23:62
MERGED from [com.android.support:appcompat-v7:26.0.2] AndroidManifest.xml:21:5-23:78
MERGED from [com.android.support:animated-vector-drawable:26.0.2] AndroidManifest.xml:20:5-44
MERGED from [com.android.support:support-vector-drawable:26.0.2] AndroidManifest.xml:20:5-44
MERGED from [com.android.support:recyclerview-v7:26.0.2] AndroidManifest.xml:20:5-44
MERGED from [com.android.support:transition:26.0.2] AndroidManifest.xml:20:5-44
MERGED from [com.android.support:support-v4:26.0.2] AndroidManifest.xml:21:5-23:54
MERGED from [com.android.support:support-media-compat:26.0.2] AndroidManifest.xml:21:5-23:63
MERGED from [com.android.support:support-fragment:26.0.2] AndroidManifest.xml:21:5-23:60
MERGED from [com.android.support:support-core-ui:26.0.2] AndroidManifest.xml:21:5-23:58
MERGED from [com.android.support:support-core-utils:26.0.2] AndroidManifest.xml:21:5-23:61
MERGED from [com.android.support:support-compat:26.0.2] AndroidManifest.xml:21:5-23:58
MERGED from [io.reactivex.rxjava2:rxandroid:2.0.1] AndroidManifest.xml:19:5-43
MERGED from [com.getkeepsafe.relinker:relinker:1.2.2] AndroidManifest.xml:7:5-43
MERGED from [com.pspdfkit:pspdfkit:4.8.1] AndroidManifest.xml:19:5-21:41
MERGED from [org.apache.cordova:CordovaLib:6.3.0:debug] AndroidManifest.xml:25:5-44
	tools:overrideLibrary
		ADDED from [com.android.support:design:26.0.2] AndroidManifest.xml:23:9-59
	android:targetSdkVersion
		ADDED from platforms/android/AndroidManifest.xml:14:42-71
	android:minSdkVersion
		ADDED from platforms/android/AndroidManifest.xml:14:15-41
meta-data#android.support.VERSION
ADDED from [com.android.support:cardview-v7:26.0.2] AndroidManifest.xml:23:9-25:38
MERGED from [com.android.support:design:26.0.2] AndroidManifest.xml:26:9-28:38
MERGED from [com.android.support:appcompat-v7:26.0.2] AndroidManifest.xml:26:9-28:38
MERGED from [com.android.support:animated-vector-drawable:26.0.2] AndroidManifest.xml:23:9-25:38
MERGED from [com.android.support:support-vector-drawable:26.0.2] AndroidManifest.xml:23:9-25:38
MERGED from [com.android.support:recyclerview-v7:26.0.2] AndroidManifest.xml:23:9-25:38
MERGED from [com.android.support:transition:26.0.2] AndroidManifest.xml:23:9-25:38
MERGED from [com.android.support:support-v4:26.0.2] AndroidManifest.xml:26:9-28:38
MERGED from [com.android.support:support-media-compat:26.0.2] AndroidManifest.xml:26:9-28:38
MERGED from [com.android.support:support-fragment:26.0.2] AndroidManifest.xml:26:9-28:38
MERGED from [com.android.support:support-core-ui:26.0.2] AndroidManifest.xml:26:9-28:38
MERGED from [com.android.support:support-core-utils:26.0.2] AndroidManifest.xml:26:9-28:38
MERGED from [com.android.support:support-compat:26.0.2] AndroidManifest.xml:26:9-28:38
	android:value
		ADDED from [com.android.support:cardview-v7:26.0.2] AndroidManifest.xml:25:13-35
	android:name
		ADDED from [com.android.support:cardview-v7:26.0.2] AndroidManifest.xml:24:13-51
uses-permission#android.permission.WRITE_EXTERNAL_STORAGE
ADDED from [com.pspdfkit:pspdfkit:4.8.1] AndroidManifest.xml:23:5-81
	android:name
		ADDED from [com.pspdfkit:pspdfkit:4.8.1] AndroidManifest.xml:23:22-78
uses-permission#android.permission.READ_EXTERNAL_STORAGE
ADDED from [com.pspdfkit:pspdfkit:4.8.1] AndroidManifest.xml:24:5-80
	android:name
		ADDED from [com.pspdfkit:pspdfkit:4.8.1] AndroidManifest.xml:24:22-77
activity#com.pspdfkit.document.printing.PrintActivity
ADDED from [com.pspdfkit:pspdfkit:4.8.1] AndroidManifest.xml:29:9-33:40
	android:excludeFromRecents
		ADDED from [com.pspdfkit:pspdfkit:4.8.1] AndroidManifest.xml:32:13-46
	android:exported
		ADDED from [com.pspdfkit:pspdfkit:4.8.1] AndroidManifest.xml:33:13-37
	android:configChanges
		ADDED from [com.pspdfkit:pspdfkit:4.8.1] AndroidManifest.xml:31:13-59
	android:name
		ADDED from [com.pspdfkit:pspdfkit:4.8.1] AndroidManifest.xml:30:13-72
provider#com.pspdfkit.PSPDFKitInitializationProvider
ADDED from [com.pspdfkit:pspdfkit:4.8.1] AndroidManifest.xml:36:9-39:40
	android:authorities
		ADDED from [com.pspdfkit:pspdfkit:4.8.1] AndroidManifest.xml:38:13-95
	android:exported
		ADDED from [com.pspdfkit:pspdfkit:4.8.1] AndroidManifest.xml:39:13-37
	android:name
		ADDED from [com.pspdfkit:pspdfkit:4.8.1] AndroidManifest.xml:37:13-71
provider#com.pspdfkit.media.AssetsContentProvider
ADDED from [com.pspdfkit:pspdfkit:4.8.1] AndroidManifest.xml:40:9-43:40
	android:authorities
		ADDED from [com.pspdfkit:pspdfkit:4.8.1] AndroidManifest.xml:42:13-62
	android:exported
		ADDED from [com.pspdfkit:pspdfkit:4.8.1] AndroidManifest.xml:43:13-37
	android:name
		ADDED from [com.pspdfkit:pspdfkit:4.8.1] AndroidManifest.xml:41:13-68
provider#com.pspdfkit.document.sharing.DocumentSharingProvider
ADDED from [com.pspdfkit:pspdfkit:4.8.1] AndroidManifest.xml:44:9-49:54
	android:authorities
		ADDED from [com.pspdfkit:pspdfkit:4.8.1] AndroidManifest.xml:46:13-61
	android:grantUriPermissions
		ADDED from [com.pspdfkit:pspdfkit:4.8.1] AndroidManifest.xml:48:13-47
	android:exported
		ADDED from [com.pspdfkit:pspdfkit:4.8.1] AndroidManifest.xml:47:13-36
	tools:ignore
		ADDED from [com.pspdfkit:pspdfkit:4.8.1] AndroidManifest.xml:49:13-51
	android:name
		ADDED from [com.pspdfkit:pspdfkit:4.8.1] AndroidManifest.xml:45:13-81